Building DAG of jobs...
Using shell: /bin/bash
Provided cores: 1
Rules claiming more threads will be scaled down.
Job counts:
	count	jobs
	3	bwa_map
	3	samtools_index
	3	samtools_sort
	9

[Mon Aug 19 13:35:23 2019]
rule bwa_map:
    input: data/genome.fa, data/samples/C.fastq
    output: mapped-reads/C.bam
    jobid: 7
    wildcards: sample=C

[Mon Aug 19 13:35:25 2019]
Finished job 7.
1 of 9 steps (11%) done

[Mon Aug 19 13:35:25 2019]
rule bwa_map:
    input: data/genome.fa, data/samples/B.fastq
    output: mapped-reads/B.bam
    jobid: 8
    wildcards: sample=B

[Mon Aug 19 13:35:26 2019]
Finished job 8.
2 of 9 steps (22%) done

[Mon Aug 19 13:35:26 2019]
rule bwa_map:
    input: data/genome.fa, data/samples/A.fastq
    output: mapped-reads/A.bam
    jobid: 6
    wildcards: sample=A

[Mon Aug 19 13:35:27 2019]
Finished job 6.
3 of 9 steps (33%) done

[Mon Aug 19 13:35:27 2019]
rule samtools_sort:
    input: mapped-reads/B.bam
    output: sorted-reads/B.bam
    jobid: 5
    wildcards: sample=B

[Mon Aug 19 13:35:28 2019]
Finished job 5.
4 of 9 steps (44%) done

[Mon Aug 19 13:35:28 2019]
rule samtools_sort:
    input: mapped-reads/C.bam
    output: sorted-reads/C.bam
    jobid: 4
    wildcards: sample=C

[Mon Aug 19 13:35:28 2019]
Finished job 4.
5 of 9 steps (56%) done

[Mon Aug 19 13:35:28 2019]
rule samtools_sort:
    input: mapped-reads/A.bam
    output: sorted-reads/A.bam
    jobid: 3
    wildcards: sample=A

[Mon Aug 19 13:35:28 2019]
Finished job 3.
6 of 9 steps (67%) done

[Mon Aug 19 13:35:28 2019]
rule samtools_index:
    input: sorted-reads/C.bam
    output: sorted-reads/C.bam.bai
    jobid: 1
    wildcards: sample=C

[Mon Aug 19 13:35:28 2019]
Finished job 1.
7 of 9 steps (78%) done

[Mon Aug 19 13:35:28 2019]
rule samtools_index:
    input: sorted-reads/B.bam
    output: sorted-reads/B.bam.bai
    jobid: 2
    wildcards: sample=B

[Mon Aug 19 13:35:28 2019]
Finished job 2.
8 of 9 steps (89%) done

[Mon Aug 19 13:35:28 2019]
rule samtools_index:
    input: sorted-reads/A.bam
    output: sorted-reads/A.bam.bai
    jobid: 0
    wildcards: sample=A

[Mon Aug 19 13:35:28 2019]
Finished job 0.
9 of 9 steps (100%) done
Complete log: /Users/Jessica/Documents/codehub/snakemake/snakemake-tutorial/.snakemake/log/2019-08-19T133523.846135.snakemake.log
