Building DAG of jobs...
Using shell: /bin/bash
Provided cores: 1
Rules claiming more threads will be scaled down.
Job counts:
	count	jobs
	2	samtools_index
	2

[Mon Aug 19 11:06:32 2019]
rule samtools_index:
    input: sorted-reads/B.bam
    output: sorted-reads/B.bam.bai
    jobid: 1
    wildcards: sample=B

[Mon Aug 19 11:06:32 2019]
Finished job 1.
1 of 2 steps (50%) done

[Mon Aug 19 11:06:32 2019]
rule samtools_index:
    input: sorted-reads/A.bam
    output: sorted-reads/A.bam.bai
    jobid: 0
    wildcards: sample=A

[Mon Aug 19 11:06:32 2019]
Finished job 0.
2 of 2 steps (100%) done
Complete log: /Users/Jessica/Documents/codehub/snakemake-tutorial/.snakemake/log/2019-08-19T110632.205574.snakemake.log
