Building DAG of jobs...
Using shell: /bin/bash
Provided cores: 1
Rules claiming more threads will be scaled down.
Job counts:
	count	jobs
	1	all
	1	bcftools_call
	2	bwa_map
	1	plot_quals
	2	samtools_index
	2	samtools_sort
	9

[Mon Aug 19 12:37:15 2019]
rule bwa_map:
    input: data/genome.fa, data/samples/B.fastq
    output: mapped-reads/B.bam
    jobid: 7
    wildcards: sample=B

[Mon Aug 19 12:37:16 2019]
Finished job 7.
1 of 9 steps (11%) done

[Mon Aug 19 12:37:16 2019]
rule bwa_map:
    input: data/genome.fa, data/samples/A.fastq
    output: mapped-reads/A.bam
    jobid: 8
    wildcards: sample=A

[Mon Aug 19 12:37:18 2019]
Finished job 8.
2 of 9 steps (22%) done

[Mon Aug 19 12:37:18 2019]
rule samtools_sort:
    input: mapped-reads/B.bam
    output: sorted-reads/B.bam
    jobid: 3
    wildcards: sample=B

[Mon Aug 19 12:37:18 2019]
Finished job 3.
3 of 9 steps (33%) done

[Mon Aug 19 12:37:18 2019]
rule samtools_sort:
    input: mapped-reads/A.bam
    output: sorted-reads/A.bam
    jobid: 6
    wildcards: sample=A

[Mon Aug 19 12:37:18 2019]
Finished job 6.
4 of 9 steps (44%) done

[Mon Aug 19 12:37:18 2019]
rule samtools_index:
    input: sorted-reads/B.bam
    output: sorted-reads/B.bam.bai
    jobid: 4
    wildcards: sample=B

[Mon Aug 19 12:37:18 2019]
Finished job 4.
5 of 9 steps (56%) done

[Mon Aug 19 12:37:18 2019]
rule samtools_index:
    input: sorted-reads/A.bam
    output: sorted-reads/A.bam.bai
    jobid: 5
    wildcards: sample=A

[Mon Aug 19 12:37:18 2019]
Finished job 5.
6 of 9 steps (67%) done

[Mon Aug 19 12:37:18 2019]
rule bcftools_call:
    input: data/genome.fa, sorted-reads/A.bam, sorted-reads/B.bam, sorted-reads/A.bam.bai, sorted-reads/B.bam.bai
    output: calls/all.vcf
    jobid: 2

[Mon Aug 19 12:37:19 2019]
Finished job 2.
7 of 9 steps (78%) done

[Mon Aug 19 12:37:19 2019]
rule plot_quals:
    input: calls/all.vcf
    output: plots/quals.svg
    jobid: 1

[Mon Aug 19 12:37:20 2019]
Finished job 1.
8 of 9 steps (89%) done

[Mon Aug 19 12:37:20 2019]
localrule all:
    input: plots/quals.svg
    jobid: 0

[Mon Aug 19 12:37:20 2019]
Finished job 0.
9 of 9 steps (100%) done
Complete log: /Users/Jessica/Documents/codehub/snakemake-tutorial/.snakemake/log/2019-08-19T123715.374303.snakemake.log
