Building DAG of jobs...
Using shell: /bin/bash
Provided cores: 1
Rules claiming more threads will be scaled down.
Job counts:
	count	jobs
	2	bwa_map
	2

[Mon Aug 19 14:33:09 2019]
rule bwa_map:
    input: data/genome.fa, data/samples/B.fastq
    output: mapped-reads/B.bam
    jobid: 1
    wildcards: sample=B

[Mon Aug 19 14:33:11 2019]
Finished job 1.
1 of 2 steps (50%) done

[Mon Aug 19 14:33:11 2019]
rule bwa_map:
    input: data/genome.fa, data/samples/A.fastq
    output: mapped-reads/A.bam
    jobid: 0
    wildcards: sample=A

[Mon Aug 19 14:33:12 2019]
Finished job 0.
2 of 2 steps (100%) done
Complete log: /Users/Jessica/Documents/codehub/snakemake/snakemake-tutorial/.snakemake/log/2019-08-19T143309.796571.snakemake.log
