Building DAG of jobs...
Using shell: /bin/bash
Provided cores: 1
Rules claiming more threads will be scaled down.
Job counts:
	count	jobs
	1	all
	1	bcftools_call
	1	bwa_map
	1	plot_quals
	3	samtools_index
	3	samtools_sort
	10

[Mon Aug 19 14:35:23 2019]
rule bwa_map:
    input: data/genome.fa, data/samples/C.fastq
    output: mapped-reads/C.bam
    jobid: 11
    wildcards: sample=C

[Mon Aug 19 14:35:24 2019]
Finished job 11.
1 of 10 steps (10%) done

[Mon Aug 19 14:35:24 2019]
rule samtools_sort:
    input: mapped-reads/C.bam
    output: sorted-reads/C.bam
    jobid: 7
    wildcards: sample=C

[Mon Aug 19 14:35:24 2019]
Finished job 7.
2 of 10 steps (20%) done

[Mon Aug 19 14:35:24 2019]
rule samtools_sort:
    input: mapped-reads/B.bam
    output: sorted-reads/B.bam
    jobid: 3
    wildcards: sample=B

[Mon Aug 19 14:35:24 2019]
Finished job 3.
3 of 10 steps (30%) done

[Mon Aug 19 14:35:24 2019]
rule samtools_sort:
    input: mapped-reads/A.bam
    output: sorted-reads/A.bam
    jobid: 5
    wildcards: sample=A

[Mon Aug 19 14:35:25 2019]
Finished job 5.
4 of 10 steps (40%) done

[Mon Aug 19 14:35:25 2019]
rule samtools_index:
    input: sorted-reads/C.bam
    output: sorted-reads/C.bam.bai
    jobid: 4
    wildcards: sample=C

[Mon Aug 19 14:35:25 2019]
Finished job 4.
5 of 10 steps (50%) done

[Mon Aug 19 14:35:25 2019]
rule samtools_index:
    input: sorted-reads/B.bam
    output: sorted-reads/B.bam.bai
    jobid: 6
    wildcards: sample=B

[Mon Aug 19 14:35:25 2019]
Finished job 6.
6 of 10 steps (60%) done

[Mon Aug 19 14:35:25 2019]
rule samtools_index:
    input: sorted-reads/A.bam
    output: sorted-reads/A.bam.bai
    jobid: 8
    wildcards: sample=A

[Mon Aug 19 14:35:25 2019]
Finished job 8.
7 of 10 steps (70%) done

[Mon Aug 19 14:35:25 2019]
rule bcftools_call:
    input: data/genome.fa, sorted-reads/A.bam, sorted-reads/B.bam, sorted-reads/C.bam, sorted-reads/A.bam.bai, sorted-reads/B.bam.bai, sorted-reads/C.bam.bai
    output: calls/all.vcf
    jobid: 2

[Mon Aug 19 14:35:25 2019]
Finished job 2.
8 of 10 steps (80%) done

[Mon Aug 19 14:35:25 2019]
rule plot_quals:
    input: calls/all.vcf
    output: plots/quals.svg
    jobid: 1

[Mon Aug 19 14:35:26 2019]
Finished job 1.
9 of 10 steps (90%) done

[Mon Aug 19 14:35:26 2019]
localrule all:
    input: plots/quals.svg
    jobid: 0

[Mon Aug 19 14:35:26 2019]
Finished job 0.
10 of 10 steps (100%) done
Complete log: /Users/Jessica/Documents/codehub/snakemake/snakemake-tutorial/.snakemake/log/2019-08-19T143523.182507.snakemake.log
