Building DAG of jobs...
Using shell: /bin/bash
Provided cores: 1
Rules claiming more threads will be scaled down.
Job counts:
	count	jobs
	1	all
	1	bcftools_call
	3	bwa_map
	1	plot_quals
	3	samtools_index
	3	samtools_sort
	12

[Mon Aug 19 14:47:42 2019]
rule bwa_map:
    input: data/genome.fa, data/samples/C.fastq
    output: mapped-reads/C.bam
    log: logs/bwa-mem/C.log
    jobid: 10
    wildcards: sample=C

[Mon Aug 19 14:47:44 2019]
Finished job 10.
1 of 12 steps (8%) done

[Mon Aug 19 14:47:44 2019]
rule bwa_map:
    input: data/genome.fa, data/samples/B.fastq
    output: mapped-reads/B.bam
    log: logs/bwa-mem/B.log
    jobid: 11
    wildcards: sample=B

[Mon Aug 19 14:47:45 2019]
Finished job 11.
2 of 12 steps (17%) done

[Mon Aug 19 14:47:45 2019]
rule bwa_map:
    input: data/genome.fa, data/samples/A.fastq
    output: mapped-reads/A.bam
    log: logs/bwa-mem/A.log
    jobid: 9
    wildcards: sample=A

[Mon Aug 19 14:47:46 2019]
Finished job 9.
3 of 12 steps (25%) done

[Mon Aug 19 14:47:46 2019]
rule samtools_sort:
    input: mapped-reads/C.bam
    output: sorted-reads/C.bam
    jobid: 7
    wildcards: sample=C

[Mon Aug 19 14:47:46 2019]
Finished job 7.
4 of 12 steps (33%) done

[Mon Aug 19 14:47:46 2019]
rule samtools_sort:
    input: mapped-reads/B.bam
    output: sorted-reads/B.bam
    jobid: 8
    wildcards: sample=B

[Mon Aug 19 14:47:47 2019]
Finished job 8.
5 of 12 steps (42%) done

[Mon Aug 19 14:47:47 2019]
rule samtools_sort:
    input: mapped-reads/A.bam
    output: sorted-reads/A.bam
    jobid: 3
    wildcards: sample=A

[Mon Aug 19 14:47:47 2019]
Finished job 3.
6 of 12 steps (50%) done

[Mon Aug 19 14:47:47 2019]
rule samtools_index:
    input: sorted-reads/C.bam
    output: sorted-reads/C.bam.bai
    jobid: 5
    wildcards: sample=C

[Mon Aug 19 14:47:47 2019]
Finished job 5.
7 of 12 steps (58%) done

[Mon Aug 19 14:47:47 2019]
rule samtools_index:
    input: sorted-reads/B.bam
    output: sorted-reads/B.bam.bai
    jobid: 6
    wildcards: sample=B

[Mon Aug 19 14:47:47 2019]
Finished job 6.
8 of 12 steps (67%) done

[Mon Aug 19 14:47:47 2019]
rule samtools_index:
    input: sorted-reads/A.bam
    output: sorted-reads/A.bam.bai
    jobid: 4
    wildcards: sample=A

[Mon Aug 19 14:47:47 2019]
Finished job 4.
9 of 12 steps (75%) done

[Mon Aug 19 14:47:47 2019]
rule bcftools_call:
    input: data/genome.fa, sorted-reads/A.bam, sorted-reads/B.bam, sorted-reads/C.bam, sorted-reads/A.bam.bai, sorted-reads/B.bam.bai, sorted-reads/C.bam.bai
    output: calls/all.vcf
    jobid: 2

[Mon Aug 19 14:47:48 2019]
Finished job 2.
10 of 12 steps (83%) done

[Mon Aug 19 14:47:48 2019]
rule plot_quals:
    input: calls/all.vcf
    output: plots/quals.svg
    jobid: 1

[Mon Aug 19 14:47:48 2019]
Finished job 1.
11 of 12 steps (92%) done

[Mon Aug 19 14:47:48 2019]
localrule all:
    input: plots/quals.svg
    jobid: 0

[Mon Aug 19 14:47:48 2019]
Finished job 0.
12 of 12 steps (100%) done
Complete log: /Users/Jessica/Documents/codehub/snakemake/snakemake-tutorial/.snakemake/log/2019-08-19T144742.809561.snakemake.log
